Found 76 products with empty images.

Opening amazon.com to start a session...
Session ready.

  ✅ [1/76] #117 B0CM5NV22N → https://m.media-amazon.com/images/I/91ZGoUniGEL._AC_SX385_.jpg...
  ✅ [2/76] #119 B0CKQQT32M → https://m.media-amazon.com/images/I/81FCaVloVsL._AC_SX385_.jpg...
  ✅ [3/76] #122 B0G7J4B55P → https://m.media-amazon.com/images/I/61jK6+vAxGL._AC_SX385_.jpg...
  ✅ [4/76] #123 B0D5LX8K96 → https://m.media-amazon.com/images/I/81KLThqoHML._AC_SX385_.jpg...
  ✅ [5/76] #124 B0B1N8N42X → https://m.media-amazon.com/images/I/718AciaWF2L._AC_SX385_.jpg...
  ✅ [6/76] #126 B0GDZLQ9MW → https://m.media-amazon.com/images/I/91G+eWFaqUL._AC_SX385_.jpg...
  ✅ [7/76] #128 B0F1F1SQ4K → https://m.media-amazon.com/images/I/612NWYrF+LL._AC_QL10_SX980_SY...
  ✅ [8/76] #129 B0CYH51Q9S → https://m.media-amazon.com/images/I/81k8E+qHHsL._AC_SX385_.jpg...
  ✅ [9/76] #130 B0GCC12Q6Z → https://m.media-amazon.com/images/I/71gjIQ2NyAL._AC_SX385_.jpg...
  ✅ [10/76] #131 B0CYH635TG → https://m.media-amazon.com/images/I/81kYEcpjbqL._AC_SX385_.jpg...
  ✅ [11/76] #132 B0GC4TNDSB → https://m.media-amazon.com/images/I/71JCMprm9QL._AC_SX385_.jpg...
  ✅ [12/76] #133 B0CWLDY4HV → https://m.media-amazon.com/images/I/81GeLYPnpVL._AC_SX385_.jpg...
  ☕ Taking a break... 28s
  ✅ [13/76] #134 B0GLX1S19K → https://m.media-amazon.com/images/I/71sK8p8Z-DL._AC_SX385_.jpg...
  ✅ [14/76] #135 B0DWMFF474 → https://m.media-amazon.com/images/I/716gp5HA82L._AC_SX385_.jpg...
  ✅ [15/76] #136 B0CXY57NPZ → https://m.media-amazon.com/images/I/71VTPAcS9ML._AC_SX385_.jpg...
  ✅ [16/76] #137 B0D5Q2JBTN → https://m.media-amazon.com/images/I/81ZMQgiasHL._AC_SX385_.jpg...
  ✅ [17/76] #138 B0D5PZ1R1N → https://m.media-amazon.com/images/I/71HB5UdSegL._AC_SX385_.jpg...
  ✅ [18/76] #139 B0FCC1X64W → https://m.media-amazon.com/images/I/71+T8vnlYwL._AC_SX385_.jpg...
  ☕ Taking a break... 36s
  ✅ [19/76] #140 B0C5P1XTVT → https://m.media-amazon.com/images/I/51A06bnpDYL._AC_SX385_.jpg...
  ✅ [20/76] #141 B0CCNBXZ7H → https://m.media-amazon.com/images/I/71PLTWTqZDL._AC_SX385_.jpg...
  ✅ [21/76] #142 B0CCNDTSJD → https://m.media-amazon.com/images/I/715aCVstyGL._AC_SX385_.jpg...
  ✅ [22/76] #143 B0G457L52Q → https://m.media-amazon.com/images/I/51iIFdL8V3L._AC_SX385_.jpg...
  ✅ [23/76] #144 B0C8HVDB3J → https://m.media-amazon.com/images/I/71OSYoV3g-L._AC_SX385_.jpg...
  ✅ [24/76] #145 B0CJKW3MH3 → https://m.media-amazon.com/images/I/51zGTFTu20L._AC_SX385_.jpg...
  ☕ Taking a break... 21s
  ✅ [25/76] #146 B0FQP6NK9N → https://m.media-amazon.com/images/I/71xqAUR7uxL._AC_SX385_.jpg...
  ✅ [26/76] #147 B0D5M2PSRQ → https://m.media-amazon.com/images/I/81KLThqoHML._AC_SX385_.jpg...
  ✅ [27/76] #148 B0D4CB96DM → https://m.media-amazon.com/images/I/61GIQyL0TWL._AC_QL10_SX980_SY...
  ☕ Taking a break... 27s
  ✅ [28/76] #149 B0DSDN98QM → https://m.media-amazon.com/images/I/71BAIpTDpWL._AC_SX385_.jpg...
  ✅ [29/76] #150 B0D4CCY24Q → https://m.media-amazon.com/images/I/51cLmcztJ3L._AC_SR38,50_.jpg...
  ✅ [30/76] #151 B0FCYT79V6 → https://m.media-amazon.com/images/I/71R0h1NgvoL._AC_SX385_.jpg...
  ☕ Taking a break... 35s
  ✅ [31/76] #152 B0D5Y4YSZS → https://m.media-amazon.com/images/I/818un1fjyGL._AC_SX385_.jpg...
  ✅ [32/76] #153 B0DJYYRCQH → https://m.media-amazon.com/images/I/61oHDvCDTtL._AC_SX385_.jpg...
  ☕ Taking a break... 22s
  ✅ [33/76] #154 B0CJKPKZDB → https://m.media-amazon.com/images/I/61aN-sMO5eL._AC_SX385_.jpg...
  ✅ [34/76] #155 B0FFGC1FFM → https://m.media-amazon.com/images/I/618ctfhEvvL._AC_SX385_.jpg...
  ✅ [35/76] #156 B0FFG689PN → https://m.media-amazon.com/images/I/61RWVThWDAL._AC_SX385_.jpg...
  ✅ [36/76] #157 B0C4XHS5NL → https://m.media-amazon.com/images/I/71aGBUFrnLL._AC_SX385_.jpg...
  ✅ [37/76] #158 B0F2ZNCPLN → https://m.media-amazon.com/images/I/61kb53NQwiL._AC_SX385_.jpg...
  ✅ [38/76] #159 B0F2ZM7899 → https://m.media-amazon.com/images/I/61rnfsU2SFL._AC_SX385_.jpg...
  ✅ [39/76] #160 B0F2ZN4D1R → https://m.media-amazon.com/images/I/61OCB7QQTpL._AC_SX385_.jpg...
  ✅ [40/76] #161 B0B1N6JYYF → https://m.media-amazon.com/images/I/718AciaWF2L._AC_SX385_.jpg...
  ✅ [41/76] #162 B0F2ZM2HL5 → https://m.media-amazon.com/images/I/61E6iuD2PpL._AC_SX385_.jpg...
  ✅ [42/76] #163 B0F2ZM9FSG → https://m.media-amazon.com/images/I/61rnfsU2SFL._AC_SX385_.jpg...
  ✅ [43/76] #164 B0F2ZNDPW7 → https://m.media-amazon.com/images/I/61uRPrLbrTL._AC_SX385_.jpg...
  ✅ [44/76] #165 B0C61V67SC → https://m.media-amazon.com/images/I/71ey+1CYPGL._AC_SX385_.jpg...
  ✅ [45/76] #166 B0FJR36X2X → https://m.media-amazon.com/images/I/718vyEYUp+L._AC_SX385_.jpg...
  ✅ [46/76] #167 B0DZCPNVP1 → https://m.media-amazon.com/images/I/71ImxvzhWWL._AC_SX385_.jpg...
  ✅ [47/76] #168 B0D6YQBW55 → https://m.media-amazon.com/images/I/71rrWPizpFL._AC_SX385_.jpg...
  ✅ [48/76] #169 B0DSHJQR99 → https://m.media-amazon.com/images/I/61lwSWVS6FL._AC_SX385_.jpg...
  ✅ [49/76] #170 B0D4CM2BJK → https://m.media-amazon.com/images/I/61GIQyL0TWL._AC_QL10_SX980_SY...
  ✅ [50/76] #171 B0GHYG8ZLG → https://m.media-amazon.com/images/I/71-LMQY+JkL._AC_SX385_.jpg...
  ✅ [51/76] #172 B0C41T5M66 → https://m.media-amazon.com/images/I/71H5Q2JT9GL._AC_SX385_.jpg...
  ✅ [52/76] #173 B0DZW5JTMT → https://m.media-amazon.com/images/I/71SxMdUYtQL._AC_SX385_.jpg...
  ✅ [53/76] #174 B0DYK7Z9MT → https://m.media-amazon.com/images/I/71ZJOZrGumL._AC_SX385_.jpg...
  ✅ [54/76] #175 B0D8KXQBJ4 → https://m.media-amazon.com/images/I/81wPg1+eqmL._AC_SX385_.jpg...
  ✅ [55/76] #176 B0DVBFWQP4 → https://m.media-amazon.com/images/I/81pJJb48CJL._AC_SX385_.jpg...
  ✅ [56/76] #177 B0D5M1649J → https://m.media-amazon.com/images/I/81Wb6PyUZFL._AC_SX385_.jpg...
  ✅ [57/76] #178 B0FJFBNVXN → https://m.media-amazon.com/images/I/81-Mqo8JnFL._AC_SX385_.jpg...
  ✅ [58/76] #179 B0B1N6GR2Y → https://m.media-amazon.com/images/I/718AciaWF2L._AC_SX385_.jpg...
  ✅ [59/76] #180 B0FHPDYK8G → https://m.media-amazon.com/images/I/81g2TIn8VfL._AC_SX385_.jpg...
  ✅ [60/76] #181 B0DSDQMT9Z → https://m.media-amazon.com/images/I/71BAIpTDpWL._AC_SX385_.jpg...
  ☕ Taking a break... 31s
  ✅ [61/76] #182 B0F1861ZBV → https://m.media-amazon.com/images/I/81sC5ix1grL._AC_SX385_.jpg...
  ✅ [62/76] #183 B0D5Y545DM → https://m.media-amazon.com/images/I/818un1fjyGL._AC_SX385_.jpg...
  ✅ [63/76] #184 B0DZCN2F2R → https://m.media-amazon.com/images/I/71+DWALt-7L._AC_SX385_.jpg...
  ☕ Taking a break... 40s
  ✅ [64/76] #185 B0F12JPVJX → https://m.media-amazon.com/images/I/71RpkhvYFlL._AC_SX385_.jpg...
  ✅ [65/76] #186 B0DYKCSF9D → https://m.media-amazon.com/images/I/71PnmaNvYCL._AC_SX385_.jpg...
  ✅ [66/76] #187 B0D62QD6GY → https://m.media-amazon.com/images/I/81xm1VZq3IL._AC_SX385_.jpg...
  ✅ [67/76] #188 B0C1M1F8TW → https://m.media-amazon.com/images/I/91lj9+X+0cL._AC_SX385_.jpg...
  ✅ [68/76] #189 B0GJ9TRRDR → https://m.media-amazon.com/images/I/71Gb+sz6FzL._AC_SX385_.jpg...
  ✅ [69/76] #190 B0GJSN3W8W → https://m.media-amazon.com/images/I/71g9IU0fMuL._AC_SX385_.jpg...
  ✅ [70/76] #191 B0D6YMMLDD → https://m.media-amazon.com/images/I/81Ld4t2ebZL._AC_SX385_.jpg...
  ✅ [71/76] #192 B0CSK85K3M → https://m.media-amazon.com/images/I/81qbgsye8mL._AC_SX385_.jpg...
  ✅ [72/76] #193 B0C9PDRH27 → https://m.media-amazon.com/images/I/71+k5CDORcL._AC_SX385_.jpg...
  ☕ Taking a break... 26s
  ✅ [73/76] #194 B0DYK8M621 → https://m.media-amazon.com/images/I/71ZJOZrGumL._AC_SX385_.jpg...
  ✅ [74/76] #195 B0FP325XWV → https://m.media-amazon.com/images/I/81Ulu092iBL._AC_SX385_.jpg...
  ✅ [75/76] #196 B0C61VL6MS → https://m.media-amazon.com/images/I/71ey+1CYPGL._AC_SX385_.jpg...
  ✅ [76/76] #197 B0FJDT9GQF → https://m.media-amazon.com/images/I/71GIPfhU4EL._AC_SX385_.jpg...

━━━ Summary ━━━
Updated: 76
Failed:  0
Total:   76

✅ Wrote 76 images to /Users/a127.0.0.1/myFiles/projects/dinking-buddy/lib/shirts.ts
