Found 188 products with empty images.

Opening amazon.com to start a session...
Session ready.

  ✅ [1/188] #204 B0B5QW41MF → https://m.media-amazon.com/images/I/91v30WMrdEL._AC_SX385_.jpg...
  ✅ [2/188] #205 B0BFRN38F5 → https://m.media-amazon.com/images/I/71DW63KrhQL._AC_SX385_.jpg...
  ✅ [3/188] #206 B0BFRS4PG1 → https://m.media-amazon.com/images/I/71DW63KrhQL._AC_SX385_.jpg...
  ✅ [4/188] #207 B0BHX2L5VK → https://m.media-amazon.com/images/I/71PGjHNT8VL._AC_SX385_.jpg...
  ✅ [5/188] #208 B0BL1KF8XG → https://m.media-amazon.com/images/I/71DReCy0RhL._AC_SX385_.jpg...
  ✅ [6/188] #209 B0BNFYBB3N → https://m.media-amazon.com/images/I/710qFwJ3+KL._AC_SX385_.jpg...
  ✅ [7/188] #210 B0BNSLLJ17 → https://m.media-amazon.com/images/I/51zjvsZyBeL._AC_SR38,50_.jpg...
  ✅ [8/188] #211 B0BNT32GDX → https://m.media-amazon.com/images/I/71Cig2bUoWL._AC_SX385_.jpg...
  ✅ [9/188] #212 B0BRK8WMMV → https://m.media-amazon.com/images/I/617BfyM3auL._AC_SX385_.jpg...
  ☕ Taking a break... 7s
  ✅ [10/188] #213 B0BTBQTLNR → https://m.media-amazon.com/images/I/61gs-KQdWRL._AC_SX385_.jpg...
  ✅ [11/188] #214 B0BWXJRTQY → https://m.media-amazon.com/images/I/71gXwPtIOwL._AC_SX385_.jpg...
  ✅ [12/188] #215 B0BX6BZ6FG → https://m.media-amazon.com/images/I/81AL2z45PSL._AC_SX385_.jpg...
  ✅ [13/188] #216 B0BXC9T6D3 → https://m.media-amazon.com/images/I/710UaeB0lYL._AC_SX385_.jpg...
  ✅ [14/188] #217 B0BZQL5MB7 → https://m.media-amazon.com/images/I/71Ho90f6ITL._AC_SX385_.jpg...
  ✅ [15/188] #218 B0BZQLZJNG → https://m.media-amazon.com/images/I/718bIBXqc1L._AC_SX385_.jpg...
  ✅ [16/188] #219 B0BZQNCKPH → https://m.media-amazon.com/images/I/71H5Q2JT9GL._AC_SX385_.jpg...
  ✅ [17/188] #220 B0C1MF9J3N → https://m.media-amazon.com/images/I/91lj9+X+0cL._AC_SX385_.jpg...
  ✅ [18/188] #221 B0C1N72MCC → https://m.media-amazon.com/images/I/81UN7dsHXJL._AC_SX385_.jpg...
  ✅ [19/188] #222 B0C3FJZ8PH → https://m.media-amazon.com/images/I/71X-m2kGJrL._AC_SX385_.jpg...
  ✅ [20/188] #223 B0C41TN66W → https://m.media-amazon.com/images/I/718bIBXqc1L._AC_SX385_.jpg...
  ☕ Taking a break... 10s
  ✅ [21/188] #224 B0C52T7F7W → https://m.media-amazon.com/images/I/61k9sYOdEXL._AC_SX385_.jpg...
  ✅ [22/188] #225 B0C52TK1H1 → https://m.media-amazon.com/images/I/61k9sYOdEXL._AC_SX385_.jpg...
  ☕ Taking a break... 9s
  ✅ [23/188] #226 B0C5NN23SJ → https://m.media-amazon.com/images/I/51IyNmH9sKL._AC_SX385_.jpg...
  ✅ [24/188] #227 B0C5NQF76J → https://m.media-amazon.com/images/I/61IDmBBhuPL._AC_SX385_.jpg...
  ☕ Taking a break... 10s
  ✅ [25/188] #228 B0C5NT6ZX3 → https://m.media-amazon.com/images/I/61S1YVB0R5L._AC_SX385_.jpg...
  ✅ [26/188] #229 B0C5NTCGBN → https://m.media-amazon.com/images/I/61Tm7lzEjXL._AC_SX385_.jpg...
  ✅ [27/188] #230 B0C7TGKPDC → https://m.media-amazon.com/images/I/51N6ZbwyFcL._AC_SX385_.jpg...
  ✅ [28/188] #231 B0C9CP5ZLW → https://m.media-amazon.com/images/I/71MdXRTQy+L._AC_SX385_.jpg...
  ✅ [29/188] #232 B0CCNCRW5X → https://m.media-amazon.com/images/I/71PLTWTqZDL._AC_SX385_.jpg...
  ✅ [30/188] #233 B0CCNDDX7B → https://m.media-amazon.com/images/I/71PLTWTqZDL._AC_SX385_.jpg...
  ✅ [31/188] #234 B0CDPW9YS9 → https://m.media-amazon.com/images/I/61T21XrAT2L._AC_SX385_.jpg...
  ✅ [32/188] #235 B0CDPWC3B9 → https://m.media-amazon.com/images/I/61dEkL9PZfL._AC_SX385_.jpg...
  ✅ [33/188] #236 B0CDPXKJ4P → https://m.media-amazon.com/images/I/61dEkL9PZfL._AC_SX385_.jpg...
  ✅ [34/188] #237 B0CDPXQ9L7 → https://m.media-amazon.com/images/I/61dEkL9PZfL._AC_SX385_.jpg...
  ✅ [35/188] #238 B0CDPZGBTS → https://m.media-amazon.com/images/I/61T21XrAT2L._AC_SX385_.jpg...
  ✅ [36/188] #239 B0CGMY224F → https://m.media-amazon.com/images/I/81ljJElK9eL._AC_SX385_.jpg...
  ✅ [37/188] #240 B0CJTTP3G6 → https://m.media-amazon.com/images/I/81c4wwxyLtL._AC_SX385_.jpg...
  ✅ [38/188] #241 B0CK9P4TC3 → https://m.media-amazon.com/images/I/810TMoJmjmL._AC_SX385_.jpg...
  ✅ [39/188] #242 B0CKCSSHMX → https://m.media-amazon.com/images/I/71Gz2g2LsoL._AC_SX385_.jpg...
  ✅ [40/188] #243 B0CKKD5TWG → https://m.media-amazon.com/images/I/71I8DaVJyOL._AC_SX385_.jpg...
  ✅ [41/188] #244 B0CLLMLZDN → https://m.media-amazon.com/images/I/81KACKZLnlL._AC_SX385_.jpg...
  ✅ [42/188] #245 B0CLLMX192 → https://m.media-amazon.com/images/I/81KACKZLnlL._AC_SX385_.jpg...
  ✅ [43/188] #246 B0CMXHHPTL → https://m.media-amazon.com/images/I/81PIYtf3luL._AC_SX385_.jpg...
  ✅ [44/188] #247 B0CQXBD94M → https://m.media-amazon.com/images/I/71y5VoQc3wL._AC_SX385_.jpg...
  ✅ [45/188] #248 B0CSB46Z2K → https://m.media-amazon.com/images/I/61QvIzDKMsL._AC_SX385_.jpg...
  ☕ Taking a break... 7s
  ✅ [46/188] #249 B0CSCY4927 → https://m.media-amazon.com/images/I/71LAXKZgbTL._AC_SX385_.jpg...
  ✅ [47/188] #250 B0CTGYGR4W → https://m.media-amazon.com/images/I/71Yg-+H3NUL._AC_SX385_.jpg...
  ✅ [48/188] #251 B0CTL1LZFB → https://m.media-amazon.com/images/I/51ofWhhjcwL._AC_SX385_.jpg...
  ☕ Taking a break... 6s
  ✅ [49/188] #252 B0CTMB8BFZ → https://m.media-amazon.com/images/I/714JTPPbX5L._AC_SX385_.jpg...
  ✅ [50/188] #253 B0CTNZMFMM → https://m.media-amazon.com/images/I/71cn8+z-0kL._AC_SX385_.jpg...
  ✅ [51/188] #254 B0CTR2G7H4 → https://m.media-amazon.com/images/I/713r9Ua41rL._AC_SX385_.jpg...
  ✅ [52/188] #255 B0CTR3KYGG → https://m.media-amazon.com/images/I/51KEGogvzLL._AC_SX385_.jpg...
  ✅ [53/188] #256 B0CWL8Q8FV → https://m.media-amazon.com/images/I/81kh8FtqNxL._AC_SX385_.jpg...
  ✅ [54/188] #257 B0CYGJD9BT → https://m.media-amazon.com/images/I/71IJrfsPF-L._AC_SX385_.jpg...
  ✅ [55/188] #258 B0CYH4VX1G → https://m.media-amazon.com/images/I/81k8E+qHHsL._AC_SX385_.jpg...
  ✅ [56/188] #259 B0CYH6M6S4 → https://m.media-amazon.com/images/I/81k8E+qHHsL._AC_SX385_.jpg...
  ✅ [57/188] #260 B0CYZ5Z6Q5 → https://m.media-amazon.com/images/I/71R7BCHC0rL._AC_SX385_.jpg...
  ✅ [58/188] #261 B0CYZKGF99 → https://m.media-amazon.com/images/I/81af5JHl5kL._AC_SX385_.jpg...
  ✅ [59/188] #262 B0D1Y9T32D → https://m.media-amazon.com/images/I/61eNrqFuVXL._AC_SX385_.jpg...
  ✅ [60/188] #263 B0D41N3L1M → https://m.media-amazon.com/images/I/81C4HOZ4hrL._AC_SX385_.jpg...
  ✅ [61/188] #264 B0D467TT8R → https://m.media-amazon.com/images/I/71gYZhmYv7L._AC_SX385_.jpg...
  ✅ [62/188] #265 B0D4CD59VY → https://m.media-amazon.com/images/I/61mwx9WQ4GL._AC_SR38,50_.jpg...
  ✅ [63/188] #266 B0D4LXRPSP → https://m.media-amazon.com/images/I/81Ufnv2t6BL._AC_SX385_.jpg...
  ✅ [64/188] #267 B0D4LXY5R4 → https://m.media-amazon.com/images/I/71wbJiL4ofL._AC_SX385_.jpg...
  ✅ [65/188] #268 B0D4M6WPWR → https://m.media-amazon.com/images/I/61RKyW8I9nL._AC_SX385_.jpg...
  ✅ [66/188] #269 B0D4M7T7HG → https://m.media-amazon.com/images/I/614g0F5I9AL._AC_SX385_.jpg...
  ✅ [67/188] #270 B0D5PP7Y1F → https://m.media-amazon.com/images/I/71+jj9jdm-L._AC_SX385_.jpg...
  ✅ [68/188] #271 B0D5PQJ9LP → https://m.media-amazon.com/images/I/71+jj9jdm-L._AC_SX385_.jpg...
  ✅ [69/188] #272 B0D62M485Q → https://m.media-amazon.com/images/I/81xm1VZq3IL._AC_SX385_.jpg...
  ✅ [70/188] #273 B0D6YP1BZS → https://m.media-amazon.com/images/I/71rrWPizpFL._AC_SX385_.jpg...
  ✅ [71/188] #274 B0D6YPJ3DK → https://m.media-amazon.com/images/I/71BJ+ODVwFL._AC_SX385_.jpg...
  ✅ [72/188] #275 B0D7VZCJ5Q → https://m.media-amazon.com/images/I/81o-R95+yzL._AC_SX385_.jpg...
  ☕ Taking a break... 10s
  ✅ [73/188] #276 B0D8WGX87X → https://m.media-amazon.com/images/I/718yx+ScNHL._AC_SX385_.jpg...
  ✅ [74/188] #277 B0DB26KP3G → https://m.media-amazon.com/images/I/615QdOVPulL._AC_SX385_.jpg...
  ✅ [75/188] #278 B0DDYSS682 → https://m.media-amazon.com/images/I/71gQNd6pqoL._AC_SX385_.jpg...
  ✅ [76/188] #279 B0DDZ62153 → https://m.media-amazon.com/images/I/71gQNd6pqoL._AC_SX385_.jpg...
  ✅ [77/188] #280 B0DF84NFJZ → https://m.media-amazon.com/images/I/710etuzkrnL._AC_SX385_.jpg...
  ✅ [78/188] #281 B0DF85DKG9 → https://m.media-amazon.com/images/I/710etuzkrnL._AC_SX385_.jpg...
  ✅ [79/188] #282 B0DG2KNYHX → https://m.media-amazon.com/images/I/71ZXoRItARL._AC_SX385_.jpg...
  ✅ [80/188] #283 B0DJ6YHPPH → https://m.media-amazon.com/images/I/71GRCGOERIL._AC_SX385_.jpg...
  ✅ [81/188] #284 B0DJRRST1K → https://m.media-amazon.com/images/I/61Ucot14OSL._AC_SX385_.jpg...
  ✅ [82/188] #285 B0DK626N3L → https://m.media-amazon.com/images/I/61mNT4P2kEL._AC_SX385_.jpg...
  ✅ [83/188] #286 B0DMBWSDJF → https://m.media-amazon.com/images/I/71BWIUy0YqL._AC_SX385_.jpg...
  ✅ [84/188] #287 B0DPHNNB1Q → https://m.media-amazon.com/images/I/61HdZM7HfLL._AC_SX385_.jpg...
  ✅ [85/188] #288 B0DPLW4FCW → https://m.media-amazon.com/images/I/71PmvNhpKvL._AC_SX385_.jpg...
  ✅ [86/188] #289 B0DPLYRM93 → https://m.media-amazon.com/images/I/61gNAsHH5tL._AC_SX385_.jpg...
  ✅ [87/188] #290 B0DQ41G7J6 → https://m.media-amazon.com/images/I/81x5nP+uacL._AC_SX385_.jpg...
  ✅ [88/188] #291 B0DQ45L7M8 → https://m.media-amazon.com/images/I/81x5nP+uacL._AC_SX385_.jpg...
  ✅ [89/188] #292 B0DQNCL5PL → https://m.media-amazon.com/images/I/81pNy96niSL._AC_SX385_.jpg...
  ✅ [90/188] #293 B0DR82B2D3 → https://m.media-amazon.com/images/I/614jmo0pCIL._AC_SX385_.jpg...
  ✅ [91/188] #294 B0DR8459B5 → https://m.media-amazon.com/images/I/51Q6WOatN9L._AC_SX385_.jpg...
  ✅ [92/188] #295 B0DR85C5K6 → https://m.media-amazon.com/images/I/51+1pCM7lSL._AC_SX385_.jpg...
  ✅ [93/188] #296 B0DRCXTV3M → https://m.media-amazon.com/images/I/61lnKqtXAOL._AC_SX385_.jpg...
  ✅ [94/188] #297 B0DSK3223W → https://m.media-amazon.com/images/I/71BAIpTDpWL._AC_SX385_.jpg...
  ✅ [95/188] #298 B0DSWCG7ZK → https://m.media-amazon.com/images/I/71Dtq1vBgqL._AC_SX385_.jpg...
  ✅ [96/188] #299 B0DVBHTFZ7 → https://m.media-amazon.com/images/I/81G+n7jUuuL._AC_SX385_.jpg...
  ☕ Taking a break... 8s
  ✅ [97/188] #300 B0DXK7721Z → https://m.media-amazon.com/images/I/61U8nrxzSaL._AC_SX385_.jpg...
  ✅ [98/188] #301 B0DXK83RW2 → https://m.media-amazon.com/images/I/61yn96ID3oL._AC_SX385_.jpg...
  ✅ [99/188] #302 B0DY7W87XP → https://m.media-amazon.com/images/I/81l-y6XZOHL._AC_SX385_.jpg...
  ☕ Taking a break... 7s
  ✅ [100/188] #303 B0DY7WTW7K → https://m.media-amazon.com/images/I/71hRYfhSW-L._AC_SX385_.jpg...
  ✅ [101/188] #304 B0DYK3T6HD → https://m.media-amazon.com/images/I/31IvAi9NhdL._AC_SX385_.jpg...
  ✅ [102/188] #305 B0DYK7X8Q3 → https://m.media-amazon.com/images/I/71ZJOZrGumL._AC_SX385_.jpg...
  ✅ [103/188] #306 B0DYN517DM → https://m.media-amazon.com/images/I/81C9H5yxHVL._AC_SX385_.jpg...
  ✅ [104/188] #307 B0DYP9K688 → https://m.media-amazon.com/images/I/61mze-E6xBL._AC_SX385_.jpg...
  ✅ [105/188] #308 B0DZ28HF7T → https://m.media-amazon.com/images/I/81fF-I0udqL._AC_SX385_.jpg...
  ✅ [106/188] #309 B0DZ6KP4P8 → https://m.media-amazon.com/images/I/71X+wwXuciL._AC_SX385_.jpg...
  ✅ [107/188] #310 B0DZ6PYB53 → https://m.media-amazon.com/images/I/81TkmZergFL._AC_SX385_.jpg...
  ✅ [108/188] #311 B0DZ6QJSTZ → https://m.media-amazon.com/images/I/71VGj3foqfL._AC_SX385_.jpg...
  ✅ [109/188] #312 B0DZW2KY85 → https://m.media-amazon.com/images/I/61obiqCnjsL._AC_SX385_.jpg...
  ✅ [110/188] #313 B0DZW33ZZY → https://m.media-amazon.com/images/I/71N0NYj0oWL._AC_SX385_.jpg...
  ✅ [111/188] #314 B0F12D4PPT → https://m.media-amazon.com/images/I/71RpkhvYFlL._AC_SX385_.jpg...
  ✅ [112/188] #315 B0F2HM12RD → https://m.media-amazon.com/images/I/71PbPEiUsdL._AC_SX385_.jpg...
  ✅ [113/188] #316 B0F3JBJLJL → https://m.media-amazon.com/images/I/61PDZELZ+ML._AC_SX385_.jpg...
  ⚠ #317 B0F48SGR4M — CAPTCHA (streak: 1)
  ✅ [114/188] #318 B0F5QBG5M7 → https://m.media-amazon.com/images/I/61Pm00IONqL._AC_SX385_.jpg...
  ✅ [115/188] #319 B0F6CNTM19 → https://m.media-amazon.com/images/I/71KlcEmohJL._AC_SX385_.jpg...
  ⚠ #320 B0F6CQMST7 — CAPTCHA (streak: 1)
  ⚠ #321 B0F6CRYQ41 — CAPTCHA (streak: 2)
  ✅ [116/188] #322 B0F88B9WW8 → https://m.media-amazon.com/images/I/71gZdhRCTBL._AC_SX385_.jpg...
  ⚠ #323 B0F88BYTJ4 — CAPTCHA (streak: 1)
  ✅ [117/188] #324 B0F88LCXDR → https://m.media-amazon.com/images/I/61k5+yIzHeL._AC_SX385_.jpg...
  ✅ [118/188] #325 B0F93VCRHC → https://m.media-amazon.com/images/I/81+Dtp9y-1L._AC_SX385_.jpg...
  ✅ [119/188] #326 B0F9NRFT7R → https://m.media-amazon.com/images/I/61D-X3BOzYL._AC_SX385_.jpg...
  ⚠ #327 B0FBTTMYWK — CAPTCHA (streak: 1)
  ⚠ #328 B0FBZJBL54 — CAPTCHA (streak: 2)
  ⚠ #329 B0FCFP6DDF — CAPTCHA (streak: 3)
  💤 Backing off 26s...
Opening amazon.com to start a session...
Session ready.

  ✅ [120/188] #330 B0FH4MRVYP → https://m.media-amazon.com/images/I/6172QVJpscL._AC_SX385_.jpg...
  ⚠ #331 B0FHJL6HB3 — CAPTCHA (streak: 1)
  ⚠ #332 B0FHKS5XQY — CAPTCHA (streak: 2)
  ⚠ #333 B0FJDGNW45 — CAPTCHA (streak: 3)
  💤 Backing off 25s...
Opening amazon.com to start a session...
Session ready.

  ✅ [121/188] #334 B0FJRKZVMR → https://m.media-amazon.com/images/I/71VI-L+1yQL._AC_SX385_.jpg...
  ⚠ #335 B0FLX8ZSNJ — CAPTCHA (streak: 1)
  ☕ Taking a break... 6s
  ✅ [122/188] #336 B0FM2DZ1FY → https://m.media-amazon.com/images/I/81YVYB+IemL._AC_SX385_.jpg...
  ⚠ #337 B0FPF3DPR6 — CAPTCHA (streak: 1)
  ⚠ #338 B0FPFZLY3H — CAPTCHA (streak: 2)
  ⚠ #339 B0FQP3M7CG — CAPTCHA (streak: 3)
  💤 Backing off 23s...
Opening amazon.com to start a session...
Session ready.

  ☕ Taking a break... 8s
  ✅ [123/188] #340 B0FT2CBZGP → https://m.media-amazon.com/images/I/61Rns9vxfUL._AC_SX385_.jpg...
  ⚠ #341 B0FTC7GR6D — CAPTCHA (streak: 1)
  ✅ [124/188] #342 B0FTCG7PGG → https://m.media-amazon.com/images/I/81z5dglJ2NL._AC_SX385_.jpg...
  ⚠ #343 B0FTCZJ5H2 — CAPTCHA (streak: 1)
  ⚠ #344 B0FTD5XRLT — CAPTCHA (streak: 2)
  ⚠ #345 B0FTWGR5CW — CAPTCHA (streak: 3)
  💤 Backing off 20s...
Opening amazon.com to start a session...
Session ready.

  ✅ [125/188] #346 B0FVKT71S2 → https://m.media-amazon.com/images/I/81LKerGWduL._AC_SX385_.jpg...
  ⚠ #347 B0FVSNSK4S — CAPTCHA (streak: 1)
  ☕ Taking a break... 8s
  ⚠ #348 B0FVSPL2RG — CAPTCHA (streak: 2)
  ⚠ #349 B0FVSQR3J1 — CAPTCHA (streak: 3)
  💤 Backing off 22s...
Opening amazon.com to start a session...
Session ready.

  ✅ [126/188] #350 B0FVSR1TF1 → https://m.media-amazon.com/images/I/61LPgm-AxHL._AC_SX385_.jpg...
  ✅ [127/188] #351 B0FVSRR1Y8 → https://m.media-amazon.com/images/I/71T-hA16XyL._AC_SX385_.jpg...
  ✅ [128/188] #352 B0FVSS2SC9 → https://m.media-amazon.com/images/I/61Eh-WsS9FL._AC_SX385_.jpg...
  ⚠ #353 B0FX46KY2N — CAPTCHA (streak: 1)
  ✅ [129/188] #354 B0FXL6GH53 → https://m.media-amazon.com/images/I/71-k671fiiL._AC_SX385_.jpg...
  ⚠ #355 B0FZQVK6TZ — CAPTCHA (streak: 1)
  ☕ Taking a break... 8s
  ✅ [130/188] #356 B0FZTYKZTV → https://m.media-amazon.com/images/I/61PMLoslsBL._AC_SX385_.jpg...
  ⚠ #357 B0G26LKLMY — CAPTCHA (streak: 1)
  ⚠ #358 B0G26LZVVV — CAPTCHA (streak: 2)
  ⚠ #359 B0G26NGT9X — CAPTCHA (streak: 3)
  💤 Backing off 17s...
Opening amazon.com to start a session...
Session ready.

  ✅ [131/188] #360 B0G26NHCVY → https://m.media-amazon.com/images/I/81Vr2mg5nGL._AC_SX385_.jpg...
  ⚠ #361 B0G26PC68Z — CAPTCHA (streak: 1)
  ⚠ #362 B0G2S3KYCF — CAPTCHA (streak: 2)
  ✅ [132/188] #363 B0G34SS9WH → https://m.media-amazon.com/images/I/71M0VLbMX5L._AC_SX385_.jpg...
  ☕ Taking a break... 8s
  ⚠ #364 B0G3JHYV3P — CAPTCHA (streak: 1)
  ⚠ #365 B0G3PJXVLY — CAPTCHA (streak: 2)
  ⚠ #366 B0G4CKZTWL — CAPTCHA (streak: 3)
  💤 Backing off 16s...
Opening amazon.com to start a session...
Session ready.

  ⚠ #367 B0G4RK5TGW — CAPTCHA (streak: 1)
  ⚠ #368 B0G4SLQ793 — CAPTCHA (streak: 2)
  ⚠ #369 B0G58C2B9C — CAPTCHA (streak: 3)
  💤 Backing off 29s...
Opening amazon.com to start a session...
Session ready.

  ⚠ #370 B0G7M3CPM6 — CAPTCHA (streak: 1)
  ⚠ #371 B0G7MD8LWD — CAPTCHA (streak: 2)
  ⚠ #372 B0GDW9N2CR — CAPTCHA (streak: 3)
  💤 Backing off 23s...
