Found 56 products with empty images.

Opening amazon.com to start a session...
Session ready.

  ✅ [1/56] #317 B0F48SGR4M → https://m.media-amazon.com/images/I/81MEG3oWVDL._AC_SX385_.jpg...
  ⚠ #320 B0F6CQMST7 — CAPTCHA (streak: 1)
  ⚠ #321 B0F6CRYQ41 — CAPTCHA (streak: 2)
  ✅ [2/56] #323 B0F88BYTJ4 → https://m.media-amazon.com/images/I/71gZdhRCTBL._AC_SX385_.jpg...
  ⚠ #327 B0FBTTMYWK — CAPTCHA (streak: 1)
  ⚠ #328 B0FBZJBL54 — CAPTCHA (streak: 2)
  ✅ [3/56] #329 B0FCFP6DDF → https://m.media-amazon.com/images/I/61sJjrNOlGL._AC_SX385_.jpg...
  ⚠ #331 B0FHJL6HB3 — CAPTCHA (streak: 1)
  ⚠ #332 B0FHKS5XQY — CAPTCHA (streak: 2)
  ⚠ #333 B0FJDGNW45 — CAPTCHA (streak: 3)
  💤 Backing off 88s...
Opening amazon.com to start a session...
Session ready.

  ☕ Taking a break... 21s
  ⚠ #335 B0FLX8ZSNJ — CAPTCHA (streak: 1)
  ☕ Taking a break... 24s
  ⚠ #337 B0FPF3DPR6 — CAPTCHA (streak: 2)
  ☕ Taking a break... 15s
  ⚠ #338 B0FPFZLY3H — CAPTCHA (streak: 3)
  💤 Backing off 84s...
Opening amazon.com to start a session...
Session ready.

