Found 176 products with empty images.

[1/36] Processing 5 items (0 ok, 0 failed)...
  ✅ #22 B0F12ML71L → https://m.media-amazon.com/images/I/71RpkhvYFlL._AC_SX385_.jpg...
  ✅ #23 B0FP33JSB2 → https://m.media-amazon.com/images/I/81Ulu092iBL._AC_SX385_.jpg...
  ✅ #24 B0F1FSNM8V → https://m.media-amazon.com/images/I/61vKP1JlhKL._AC_SX385_.jpg...
  ✅ #25 B0D62Q5HYD → https://m.media-amazon.com/images/I/81OnZXivoxL._AC_SX385_.jpg...
  ✅ #26 B0CWLF42FW → https://m.media-amazon.com/images/I/81gjMjM1ZlL._AC_SX385_.jpg...
[2/36] Processing 5 items (5 ok, 0 failed)...
  ✅ #27 B0C5QYPPNM → https://m.media-amazon.com/images/I/71216l4K9HL._AC_SX385_.jpg...
  ✅ #28 B0DZCLZKK8 → https://m.media-amazon.com/images/I/71WT87ACm0L._AC_SX385_.jpg...
  ✅ #29 B0GH7Q7H2H → https://m.media-amazon.com/images/I/71EXh-WCIlL._AC_SX385_.jpg...
  ✅ #30 B0DSDN1BGX → https://m.media-amazon.com/images/I/61lwSWVS6FL._AC_SX385_.jpg...
  ✅ #31 B0BWXJ1NVP → https://m.media-amazon.com/images/I/71gXwPtIOwL._AC_SX385_.jpg...
[3/36] Processing 5 items (10 ok, 0 failed)...
  ✅ #32 B0GC63R8NJ → https://m.media-amazon.com/images/I/71-8Lerm8JL._AC_SX385_.jpg...
  ✅ #33 B0GJSQ8MNR → https://m.media-amazon.com/images/I/71g9IU0fMuL._AC_SX385_.jpg...
  ✅ #34 B0C624RM1W → https://m.media-amazon.com/images/I/71HtZpb0rEL._AC_SX385_.jpg...
  ✅ #35 B0DXKHHRJJ → https://m.media-amazon.com/images/I/61nIqTMtH1L._AC_SX385_.jpg...
  ✅ #36 B0GJBHMN1G → https://m.media-amazon.com/images/I/71Gb+sz6FzL._AC_SX385_.jpg...
[4/36] Processing 5 items (15 ok, 0 failed)...
  ✅ #37 B0DZ6JLR1L → https://m.media-amazon.com/images/I/71q+GRUd4ML._AC_SX385_.jpg...
  ✅ #38 B0F186TZZY → https://m.media-amazon.com/images/I/81sC5ix1grL._AC_SX385_.jpg...
  ✅ #39 B0FCYSKQ66 → https://m.media-amazon.com/images/I/716z+J8hZUL._AC_SX385_.jpg...
  ✅ #40 B0D6YQLQTD → https://m.media-amazon.com/images/I/71rrWPizpFL._AC_SX385_.jpg...
  ✅ #41 B0D4M1B6SY → https://m.media-amazon.com/images/I/81R-DRK6XjL._AC_SX385_.jpg...
[5/36] Processing 5 items (20 ok, 0 failed)...
  ✅ #42 B0CM5QH7T9 → https://m.media-amazon.com/images/I/91ZGoUniGEL._AC_SX385_.jpg...
  ✅ #43 B0CJTRSFNP → https://m.media-amazon.com/images/I/81mEJFFpCnL._AC_SX385_.jpg...
  ✅ #44 B0GKZSK88L → https://m.media-amazon.com/images/I/71o5WHSWSjL._AC_SX385_.jpg...
  ✅ #45 B0C5QZG9TZ → https://m.media-amazon.com/images/I/71216l4K9HL._AC_SX385_.jpg...
  ✅ #46 B0GCDJWRW7 → https://m.media-amazon.com/images/I/71pQyyb0VhL._AC_SX385_.jpg...
[6/36] Processing 5 items (25 ok, 0 failed)...
  ✅ #47 B0D4CFHWLB → https://m.media-amazon.com/images/I/61GIQyL0TWL._AC_QL10_SX980_SY55_FM...
  ✅ #48 B0D1Y89663 → https://m.media-amazon.com/images/I/61eNrqFuVXL._AC_SX385_.jpg...
  ✅ #49 B0GHYMTJJP → https://m.media-amazon.com/images/I/71DOPz5GhZL._AC_SX385_.jpg...
  ✅ #50 B0DDL2WYN7 → https://m.media-amazon.com/images/I/81L5fWjdBwL._AC_SX385_.jpg...
  ✅ #51 B0FPTPNKTB → https://m.media-amazon.com/images/I/81BxJC2m4wL._AC_SX385_.jpg...
[7/36] Processing 5 items (30 ok, 0 failed)...
  ✅ #52 B0DY7WVBR3 → https://m.media-amazon.com/images/I/71hRYfhSW-L._AC_SX385_.jpg...
  ✅ #53 B0D5PVFHPL → https://m.media-amazon.com/images/I/71k9rMH0wIL._AC_SX385_.jpg...
  ✅ #54 B0F1F1JHN9 → https://m.media-amazon.com/images/I/61GIQyL0TWL._AC_QL10_SX980_SY55_FM...
  ✅ #55 B0GH7H4L6Y → https://m.media-amazon.com/images/I/717XfOfMGJL._AC_SX385_.jpg...
  ✅ #56 B0F8NVKZ1C → https://m.media-amazon.com/images/I/61i8d9S0QpL._AC_SX385_.jpg...
[8/36] Processing 5 items (35 ok, 0 failed)...
  ✅ #57 B0C1N6CRN5 → https://m.media-amazon.com/images/I/81UN7dsHXJL._AC_SX385_.jpg...
  ✅ #58 B0F48SX6GV → https://m.media-amazon.com/images/I/81MEG3oWVDL._AC_SX385_.jpg...
  ✅ #59 B0BZQLB45K → https://m.media-amazon.com/images/I/71H5Q2JT9GL._AC_SX385_.jpg...
  ✅ #60 B0DY4HHTJY → https://m.media-amazon.com/images/I/61-OBkMcgaL._AC_SX385_.jpg...
  ✅ #61 B0DLGTZYVL → https://m.media-amazon.com/images/I/51m0LggrPLL._AC_SX385_.jpg...
[9/36] Processing 5 items (40 ok, 0 failed)...
  ✅ #62 B0DQF3H31G → https://m.media-amazon.com/images/I/71jX7wF9wQL._AC_SX385_.jpg...
  ✅ #63 B0F887KYYF → https://m.media-amazon.com/images/I/712pjAtQ26L._AC_SX385_.jpg...
  ✅ #64 B0FTMZ8YNP → https://m.media-amazon.com/images/I/71rChkwEgSL._AC_SX385_.jpg...
  ✅ #65 B0DQF368RC → https://m.media-amazon.com/images/I/618XFFXIHqL._AC_SX385_.jpg...
  ✅ #66 B0FTMWGWH7 → https://m.media-amazon.com/images/I/71yaf-TPweL._AC_SX385_.jpg...
[10/36] Processing 5 items (45 ok, 0 failed)...
  ✅ #67 B0CKM47TZS → https://m.media-amazon.com/images/I/81oELbdlg1L._AC_SX385_.jpg...
  ✅ #68 B0GD6WDDGD → https://m.media-amazon.com/images/I/71m64IU7qkL._AC_SX385_.jpg...
  ✅ #69 B0DY7X93P3 → https://m.media-amazon.com/images/I/61XicHmMRtL._AC_SX385_.jpg...
  ✅ #70 B0F888VVDJ → https://m.media-amazon.com/images/I/711mDtnyU5L._AC_SX385_.jpg...
  ✅ #71 B0DG2N63ZP → https://m.media-amazon.com/images/I/71ZXoRItARL._AC_SX385_.jpg...
[11/36] Processing 5 items (50 ok, 0 failed)...
  ✅ #72 B0DG2N6FZG → https://m.media-amazon.com/images/I/71ZXoRItARL._AC_SX385_.jpg...
  ✅ #73 B0BZQM3PV6 → https://m.media-amazon.com/images/I/71Ho90f6ITL._AC_SX385_.jpg...
  ✅ #74 B0DZ6Q4HYT → https://m.media-amazon.com/images/I/71OrVtL4+iL._AC_SX385_.jpg...
  ✅ #75 B0CNM6QPD3 → https://m.media-amazon.com/images/I/81jDIrLnXAL._AC_SX385_.jpg...
  ✅ #76 B0C4X1JNDG → https://m.media-amazon.com/images/I/71aGBUFrnLL._AC_SX385_.jpg...
[12/36] Processing 5 items (55 ok, 0 failed)...
  ✅ #77 B0DQ3ZWYBH → https://m.media-amazon.com/images/I/81JoxhAt8eL._AC_SX385_.jpg...
  ✅ #78 B0DYJZKKHZ → https://m.media-amazon.com/images/I/31IvAi9NhdL._AC_SX385_.jpg...
  ✅ #79 B0D7W36R6J → https://m.media-amazon.com/images/I/81o-R95+yzL._AC_SX385_.jpg...
  ✅ #80 B0FGKRYRJ2 → https://m.media-amazon.com/images/I/71mozk0+GHL._AC_SX385_.jpg...
  ✅ #81 B0F6CRV83X → https://m.media-amazon.com/images/I/719BzbYlxBL._AC_SX385_.jpg...
[13/36] Processing 5 items (60 ok, 0 failed)...
  ✅ #82 B0DQF2CX98 → https://m.media-amazon.com/images/I/71nyoDb27TL._AC_SX385_.jpg...
  ✅ #83 B0DZW1D81T → https://m.media-amazon.com/images/I/71N0NYj0oWL._AC_SX385_.jpg...
  ✅ #84 B0BKG1PMZL → https://m.media-amazon.com/images/I/81+SgKzdGoL._AC_SX385_.jpg...
  ✅ #85 B0FTWJ25PN → https://m.media-amazon.com/images/I/81FY2tVWZ9L._AC_SX385_.jpg...
  ✅ #86 B0BJWCJLMK → https://m.media-amazon.com/images/I/71e7haLmjlL._AC_SX385_.jpg...
[14/36] Processing 5 items (65 ok, 0 failed)...
  ✅ #87 B0DZ2698Z2 → https://m.media-amazon.com/images/I/91uirGC-ZSL._AC_SX385_.jpg...
  ✅ #88 B0DGV912RB → https://m.media-amazon.com/images/I/71AfnGWjifL._AC_SX385_.jpg...
  ✅ #89 B0CF3X3QN9 → https://m.media-amazon.com/images/I/71qaAGe5wTL._AC_SX385_.jpg...
  ✅ #90 B0C3FG2L7X → https://m.media-amazon.com/images/I/71X-m2kGJrL._AC_SX385_.jpg...
  ✅ #91 B0DVBFTJXD → https://m.media-amazon.com/images/I/81xrjjtkaBL._AC_SX385_.jpg...
[15/36] Processing 5 items (70 ok, 0 failed)...
  ✅ #92 B0BZQLB4F5 → https://m.media-amazon.com/images/I/71Ho90f6ITL._AC_SX385_.jpg...
  ✅ #93 B0C5QZNQG8 → https://m.media-amazon.com/images/I/71216l4K9HL._AC_SX385_.jpg...
  ✅ #94 B0DVBTKNGX → https://m.media-amazon.com/images/I/81pJJb48CJL._AC_SX385_.jpg...
  ✅ #95 B0F189JB18 → https://m.media-amazon.com/images/I/81AYkU5ChCL._AC_SX385_.jpg...
  ✅ #96 B0D1Y5KSNB → https://m.media-amazon.com/images/I/61eNrqFuVXL._AC_SX385_.jpg...
[16/36] Processing 5 items (75 ok, 0 failed)...
  ✅ #97 B0DZCM6Y2N → https://m.media-amazon.com/images/I/71+DWALt-7L._AC_SX385_.jpg...
  ✅ #98 B0BJW9S5B4 → https://m.media-amazon.com/images/I/81GW6-umuzL._AC_SX385_.jpg...
  ✅ #99 B0DB25795F → https://m.media-amazon.com/images/I/61lz6G2C70L._AC_SX385_.jpg...
  ✅ #100 B0C626FFN6 → https://m.media-amazon.com/images/I/71HtZpb0rEL._AC_SX385_.jpg...
  ✅ #101 B0D6YPJC7W → https://m.media-amazon.com/images/I/71rrWPizpFL._AC_SX385_.jpg...
[17/36] Processing 5 items (80 ok, 0 failed)...
  ✅ #102 B0DPLVXC29 → https://m.media-amazon.com/images/I/71PmvNhpKvL._AC_SX385_.jpg...
  ✅ #103 B0D8KWK44B → https://m.media-amazon.com/images/I/81wPg1+eqmL._AC_SX385_.jpg...
  ✅ #104 B0G6T4Y2F9 → https://m.media-amazon.com/images/I/71qfQ0IeXRL._AC_SX385_.jpg...
  ✅ #105 B0FP2YV5L8 → https://m.media-amazon.com/images/I/81Ulu092iBL._AC_SX385_.jpg...
  ✅ #106 B0FJFCWKQJ → https://m.media-amazon.com/images/I/71ArWRpj-ML._AC_SX385_.jpg...
[18/36] Processing 5 items (85 ok, 0 failed)...
  ✅ #107 B0GC66KCGV → https://m.media-amazon.com/images/I/71-8Lerm8JL._AC_SX385_.jpg...
  ✅ #108 B0DYK8WK24 → https://m.media-amazon.com/images/I/71PnmaNvYCL._AC_SX385_.jpg...
  ✅ #109 B0FHPDBK1Y → https://m.media-amazon.com/images/I/71aqjtdbduL._AC_SX385_.jpg...
  ✅ #110 B0BJXQCKM8 → https://m.media-amazon.com/images/I/81GW6-umuzL._AC_SX385_.jpg...
  ✅ #111 B0DLX1H5P3 → https://m.media-amazon.com/images/I/71lkgx6gfyL._AC_SX385_.jpg...
[19/36] Processing 5 items (90 ok, 0 failed)...
  ✅ #112 B0GCCD3ZV8 → https://m.media-amazon.com/images/I/71G0KJXmV0L._AC_SX385_.jpg...
  ✅ #113 B0FTMTWJNN → https://m.media-amazon.com/images/I/71QrWg4N6hL._AC_SX385_.jpg...
  ✅ #114 B0D1Y7XKYT → https://m.media-amazon.com/images/I/61MP4WR5qML._AC_SX385_.jpg...
  ✅ #115 B0GH7Q9GKF → https://m.media-amazon.com/images/I/81sRHUlCLoL._AC_SX385_.jpg...
  ✅ #116 B0G6L8M47T → https://m.media-amazon.com/images/I/61YsfaugeKL._AC_SX385_.jpg...
[20/36] Processing 5 items (95 ok, 0 failed)...
  ⚠ #117 B0CM5NV22N — CAPTCHA
  ✅ #118 B0DNWL1PHK → https://m.media-amazon.com/images/I/71agLncpXAL._AC_SX385_.jpg...
  ⚠ #119 B0CKQQT32M — CAPTCHA
  ✅ #120 B0FPVWFTMP → https://m.media-amazon.com/images/I/81IOhe8+XKL._AC_SX385_.jpg...
  ✅ #121 B0CSPVD5MV → https://m.media-amazon.com/images/I/815QJ4LzL4L._AC_SX385_.jpg...
[21/36] Processing 5 items (98 ok, 2 failed)...
  ⚠ #122 B0G7J4B55P — CAPTCHA
  ⚠ #123 B0D5LX8K96 — CAPTCHA
  ⚠ #124 B0B1N8N42X — CAPTCHA
  ✅ #125 B0FQP565CT → https://m.media-amazon.com/images/I/71xqAUR7uxL._AC_SX385_.jpg...
  ⚠ #126 B0GDZLQ9MW — CAPTCHA
[22/36] Processing 5 items (99 ok, 6 failed)...
  ✅ #127 B0DYJBH4T9 → https://m.media-amazon.com/images/I/71tc3jFZzRL._AC_SX385_.jpg...
  ⚠ #128 B0F1F1SQ4K — CAPTCHA
  ⚠ #129 B0CYH51Q9S — CAPTCHA
  ⚠ #130 B0GCC12Q6Z — CAPTCHA
  ⚠ #131 B0CYH635TG — CAPTCHA
  🔄 CAPTCHA streak — waiting 12.5s...
[23/36] Processing 5 items (100 ok, 10 failed)...
  ⚠ #132 B0GC4TNDSB — CAPTCHA
  ⚠ #133 B0CWLDY4HV — CAPTCHA
  ❌ #134 B0GLX1S19K (RXGOY Pickleball Improves Memory – Funny...) — no image found
  ⚠ #135 B0DWMFF474 — CAPTCHA
  ⚠ #136 B0CXY57NPZ — CAPTCHA
[24/36] Processing 5 items (100 ok, 15 failed)...
  ❌ #137 B0D5Q2JBTN (LIWYLU Pickleball Tank Tops – Graphic Pl...) — no image found
  ⚠ #138 B0D5PZ1R1N — CAPTCHA
  ⚠ #139 B0FCC1X64W — CAPTCHA
  ⚠ #140 B0C5P1XTVT — CAPTCHA
  ⚠ #141 B0CCNBXZ7H — CAPTCHA
  🔄 CAPTCHA streak — waiting 12.5s...
[25/36] Processing 5 items (100 ok, 20 failed)...
  ⚠ #142 B0CCNDTSJD — CAPTCHA
  ⚠ #143 B0G457L52Q — CAPTCHA
  ⚠ #144 B0C8HVDB3J — CAPTCHA
  ⚠ #145 B0CJKW3MH3 — CAPTCHA
  ⚠ #146 B0FQP6NK9N — CAPTCHA
  🔄 CAPTCHA streak — waiting 12.5s...
[26/36] Processing 5 items (100 ok, 25 failed)...
  ⚠ #147 B0D5M2PSRQ — CAPTCHA
  ⚠ #148 B0D4CB96DM — CAPTCHA
  ⚠ #149 B0DSDN98QM — CAPTCHA
  ⚠ #150 B0D4CCY24Q — CAPTCHA
  ⚠ #151 B0FCYT79V6 — CAPTCHA
  🔄 CAPTCHA streak — waiting 12.5s...
[27/36] Processing 5 items (100 ok, 30 failed)...
  ❌ #152 B0D5Y4YSZS (LBP Pickleball Shirt Women – Casual Pick...) — no image found
  ❌ #153 B0DJYYRCQH (Funny Pickleball Queen – Women's Retro V...) — no image found
  ⚠ #154 B0CJKPKZDB — CAPTCHA
  ⚠ #155 B0FFGC1FFM — CAPTCHA
  ⚠ #156 B0FFG689PN — CAPTCHA
  🔄 CAPTCHA streak — waiting 12.5s...
[28/36] Processing 5 items (100 ok, 35 failed)...
  ⚠ #157 B0C4XHS5NL — CAPTCHA
  ⚠ #158 B0F2ZNCPLN — CAPTCHA
  ⚠ #159 B0F2ZM7899 — CAPTCHA
  ❌ #160 B0F2ZN4D1R (Pickleball USA Athletic Club – Retro Spo...) — no image found
  ⚠ #161 B0B1N6JYYF — CAPTCHA
[29/36] Processing 5 items (100 ok, 40 failed)...
  ⚠ #162 B0F2ZM2HL5 — CAPTCHA
  ⚠ #163 B0F2ZM9FSG — CAPTCHA
  ⚠ #164 B0F2ZNDPW7 — CAPTCHA
  ⚠ #165 B0C61V67SC — CAPTCHA
  ⚠ #166 B0FJR36X2X — CAPTCHA
  🔄 CAPTCHA streak — waiting 12.5s...
[30/36] Processing 5 items (100 ok, 45 failed)...
  ⚠ #167 B0DZCPNVP1 — CAPTCHA
  ⚠ #168 B0D6YQBW55 — CAPTCHA
  ⚠ #169 B0DSHJQR99 — CAPTCHA
  ⚠ #170 B0D4CM2BJK — CAPTCHA
  ⚠ #171 B0GHYG8ZLG — CAPTCHA
  🔄 CAPTCHA streak — waiting 12.5s...
[31/36] Processing 5 items (100 ok, 50 failed)...
  ⚠ #172 B0C41T5M66 — CAPTCHA
  ❌ #173 B0DZW5JTMT (TIEEI Pickleball Shirts – Men's Paddleba...) — no image found
  ❌ #174 B0DYK7Z9MT (Qskall American Flag Pickleball – 4th of...) — no image found
  ⚠ #175 B0D8KXQBJ4 — CAPTCHA
  ⚠ #176 B0DVBFWQP4 — CAPTCHA
[32/36] Processing 5 items (100 ok, 55 failed)...
  ⚠ #177 B0D5M1649J — CAPTCHA
  ⚠ #178 B0FJFBNVXN — CAPTCHA
  ⚠ #179 B0B1N6GR2Y — CAPTCHA
  ⚠ #180 B0FHPDYK8G — CAPTCHA
  ⚠ #181 B0DSDQMT9Z — CAPTCHA
  🔄 CAPTCHA streak — waiting 12.5s...
[33/36] Processing 5 items (100 ok, 60 failed)...
  ⚠ #182 B0F1861ZBV — CAPTCHA
  ⚠ #183 B0D5Y545DM — CAPTCHA
  ⚠ #184 B0DZCN2F2R — CAPTCHA
  ⚠ #185 B0F12JPVJX — CAPTCHA
  ⚠ #186 B0DYKCSF9D — CAPTCHA
  🔄 CAPTCHA streak — waiting 12.5s...
[34/36] Processing 5 items (100 ok, 65 failed)...
  ⚠ #187 B0D62QD6GY — CAPTCHA
  ⚠ #188 B0C1M1F8TW — CAPTCHA
  ⚠ #189 B0GJ9TRRDR — CAPTCHA
  ⚠ #190 B0GJSN3W8W — CAPTCHA
  ⚠ #191 B0D6YMMLDD — CAPTCHA
  🔄 CAPTCHA streak — waiting 12.5s...
[35/36] Processing 5 items (100 ok, 70 failed)...
  ⚠ #192 B0CSK85K3M — CAPTCHA
  ⚠ #193 B0C9PDRH27 — CAPTCHA
  ⚠ #194 B0DYK8M621 — CAPTCHA
  ⚠ #195 B0FP325XWV — CAPTCHA
  ⚠ #196 B0C61VL6MS — CAPTCHA
  🔄 CAPTCHA streak — waiting 12.5s...
[36/36] Processing 1 items (100 ok, 75 failed)...
  ⚠ #197 B0FJDT9GQF — CAPTCHA

━━━ Summary ━━━
Updated: 100
Failed:  76
Total:   176

✅ Wrote 100 images to /Users/a127.0.0.1/myFiles/projects/dinking-buddy/lib/shirts.ts
